
> docs@0.0.1 build-storybook /Users/lth/workspace/projects/react-pixel-ui/apps/docs
> storybook build --docs "--output-dir=/var/folders/w0/757cbdh517v6t2j20mzhxwdr0000gn/T/chromatic--18384-oMPQ23Qh2gUs"

storybook v8.2.6

info => Cleaning outputDir: ../../../../../../../var/folders/w0/757cbdh517v6t2j20mzhxwdr0000gn/T/chromatic--18384-oMPQ23Qh2gUs
info => Loading presets
info => Building manager..
info => Manager built (87 ms)
info => Building preview..
info Using tsconfig paths for react-docgen
[36mvite v5.2.11 [32mbuilding for production...[36m[39m
transforming...
[32m✓[39m 540 modules transformed.
rendering chunks...
computing gzip size...
[2m../../../../../../../var/folders/w0/757cbdh517v6t2j20mzhxwdr0000gn/T/chromatic--18384-oMPQ23Qh2gUs/[22m[32miframe.html                                 [39m[1m[2m 16.27 kB[22m[1m[22m[2m │ gzip:   4.42 kB[22m
[2m../../../../../../../var/folders/w0/757cbdh517v6t2j20mzhxwdr0000gn/T/chromatic--18384-oMPQ23Qh2gUs/[22m[2massets/[22m[36mpreview-BnWGZYux.js                  [39m[1m[2m  0.07 kB[22m[1m[22m[2m │ gzip:   0.08 kB[22m
[2m../../../../../../../var/folders/w0/757cbdh517v6t2j20mzhxwdr0000gn/T/chromatic--18384-oMPQ23Qh2gUs/[22m[2massets/[22m[36mindex-DSkyVWTJ.js                    [39m[1m[2m  0.42 kB[22m[1m[22m[2m │ gzip:   0.27 kB[22m
[2m../../../../../../../var/folders/w0/757cbdh517v6t2j20mzhxwdr0000gn/T/chromatic--18384-oMPQ23Qh2gUs/[22m[2massets/[22m[36mpreview-BJPLiuSt.js                  [39m[1m[2m  0.64 kB[22m[1m[22m[2m │ gzip:   0.45 kB[22m
[2m../../../../../../../var/folders/w0/757cbdh517v6t2j20mzhxwdr0000gn/T/chromatic--18384-oMPQ23Qh2gUs/[22m[2massets/[22m[36mpreview-BpcF_O6y.js                  [39m[1m[2m  0.71 kB[22m[1m[22m[2m │ gzip:   0.50 kB[22m
[2m../../../../../../../var/folders/w0/757cbdh517v6t2j20mzhxwdr0000gn/T/chromatic--18384-oMPQ23Qh2gUs/[22m[2massets/[22m[36mindex-DrFu-skq.js                    [39m[1m[2m  0.77 kB[22m[1m[22m[2m │ gzip:   0.47 kB[22m
[2m../../../../../../../var/folders/w0/757cbdh517v6t2j20mzhxwdr0000gn/T/chromatic--18384-oMPQ23Qh2gUs/[22m[2massets/[22m[36mpreview-DtjXp8Ew.js                  [39m[1m[2m  0.81 kB[22m[1m[22m[2m │ gzip:   0.53 kB[22m
[2m../../../../../../../var/folders/w0/757cbdh517v6t2j20mzhxwdr0000gn/T/chromatic--18384-oMPQ23Qh2gUs/[22m[2massets/[22m[36mentry-preview-DD_ICmw_.js            [39m[1m[2m  1.44 kB[22m[1m[22m[2m │ gzip:   0.80 kB[22m
[2m../../../../../../../var/folders/w0/757cbdh517v6t2j20mzhxwdr0000gn/T/chromatic--18384-oMPQ23Qh2gUs/[22m[2massets/[22m[36mindex-DnqWuWeU.js                    [39m[1m[2m  1.76 kB[22m[1m[22m[2m │ gzip:   0.90 kB[22m
[2m../../../../../../../var/folders/w0/757cbdh517v6t2j20mzhxwdr0000gn/T/chromatic--18384-oMPQ23Qh2gUs/[22m[2massets/[22m[36mindex-D-8MO0q_.js                    [39m[1m[2m  2.58 kB[22m[1m[22m[2m │ gzip:   1.26 kB[22m
[2m../../../../../../../var/folders/w0/757cbdh517v6t2j20mzhxwdr0000gn/T/chromatic--18384-oMPQ23Qh2gUs/[22m[2massets/[22m[36mtext.stories-BMs5wNor.js             [39m[1m[2m  3.03 kB[22m[1m[22m[2m │ gzip:   1.16 kB[22m
[2m../../../../../../../var/folders/w0/757cbdh517v6t2j20mzhxwdr0000gn/T/chromatic--18384-oMPQ23Qh2gUs/[22m[2massets/[22m[36mpreview-9hFJSo5S.js                  [39m[1m[2m  3.20 kB[22m[1m[22m[2m │ gzip:   1.38 kB[22m
[2m../../../../../../../var/folders/w0/757cbdh517v6t2j20mzhxwdr0000gn/T/chromatic--18384-oMPQ23Qh2gUs/[22m[2massets/[22m[36mpreview-Ct5NkTJf.js                  [39m[1m[2m  3.50 kB[22m[1m[22m[2m │ gzip:   1.69 kB[22m
[2m../../../../../../../var/folders/w0/757cbdh517v6t2j20mzhxwdr0000gn/T/chromatic--18384-oMPQ23Qh2gUs/[22m[2massets/[22m[36miframe-BoGoHgs9.js                   [39m[1m[2m  4.48 kB[22m[1m[22m[2m │ gzip:   1.69 kB[22m
[2m../../../../../../../var/folders/w0/757cbdh517v6t2j20mzhxwdr0000gn/T/chromatic--18384-oMPQ23Qh2gUs/[22m[2massets/[22m[36mbutton.stories-DLqnNnqy.js           [39m[1m[2m  4.97 kB[22m[1m[22m[2m │ gzip:   1.37 kB[22m
[2m../../../../../../../var/folders/w0/757cbdh517v6t2j20mzhxwdr0000gn/T/chromatic--18384-oMPQ23Qh2gUs/[22m[2massets/[22m[36mindex-MSr-7kfJ.js                    [39m[1m[2m  7.36 kB[22m[1m[22m[2m │ gzip:   3.32 kB[22m
[2m../../../../../../../var/folders/w0/757cbdh517v6t2j20mzhxwdr0000gn/T/chromatic--18384-oMPQ23Qh2gUs/[22m[2massets/[22m[36mpreview-DB9FwMii.js                  [39m[1m[2m  7.62 kB[22m[1m[22m[2m │ gzip:   1.56 kB[22m
[2m../../../../../../../var/folders/w0/757cbdh517v6t2j20mzhxwdr0000gn/T/chromatic--18384-oMPQ23Qh2gUs/[22m[2massets/[22m[36mindex-CTjT7uj6.js                    [39m[1m[2m  7.81 kB[22m[1m[22m[2m │ gzip:   3.08 kB[22m
[2m../../../../../../../var/folders/w0/757cbdh517v6t2j20mzhxwdr0000gn/T/chromatic--18384-oMPQ23Qh2gUs/[22m[2massets/[22m[36mpreview-Cdum89jS.js                  [39m[1m[2m  8.12 kB[22m[1m[22m[2m │ gzip:   3.10 kB[22m
[2m../../../../../../../var/folders/w0/757cbdh517v6t2j20mzhxwdr0000gn/T/chromatic--18384-oMPQ23Qh2gUs/[22m[2massets/[22m[36musePixelatedCSS.stories-DMO1qYuz.js  [39m[1m[2m 10.08 kB[22m[1m[22m[2m │ gzip:   2.15 kB[22m
[2m../../../../../../../var/folders/w0/757cbdh517v6t2j20mzhxwdr0000gn/T/chromatic--18384-oMPQ23Qh2gUs/[22m[2massets/[22m[36mindex-CrgqOjJK.js                    [39m[1m[2m 22.64 kB[22m[1m[22m[2m │ gzip:   8.93 kB[22m
[2m../../../../../../../var/folders/w0/757cbdh517v6t2j20mzhxwdr0000gn/T/chromatic--18384-oMPQ23Qh2gUs/[22m[2massets/[22m[36mColor-KGDBMAHA-xsxO4RTU.js           [39m[1m[2m 30.88 kB[22m[1m[22m[2m │ gzip:  11.76 kB[22m
[2m../../../../../../../var/folders/w0/757cbdh517v6t2j20mzhxwdr0000gn/T/chromatic--18384-oMPQ23Qh2gUs/[22m[2massets/[22m[36misArray-Dq5IDZRq.js                  [39m[1m[2m 80.48 kB[22m[1m[22m[2m │ gzip:  24.03 kB[22m
[2m../../../../../../../var/folders/w0/757cbdh517v6t2j20mzhxwdr0000gn/T/chromatic--18384-oMPQ23Qh2gUs/[22m[2massets/[22m[36mreact-18-C4tPifdK.js                 [39m[1m[2m134.45 kB[22m[1m[22m[2m │ gzip:  43.36 kB[22m
[2m../../../../../../../var/folders/w0/757cbdh517v6t2j20mzhxwdr0000gn/T/chromatic--18384-oMPQ23Qh2gUs/[22m[2massets/[22m[36mentry-preview-docs-CNdm6YCr.js       [39m[1m[2m242.97 kB[22m[1m[22m[2m │ gzip:  73.18 kB[22m
[2m../../../../../../../var/folders/w0/757cbdh517v6t2j20mzhxwdr0000gn/T/chromatic--18384-oMPQ23Qh2gUs/[22m[2massets/[22m[36mDocsRenderer-PKQXORMH-BzVDw3ja.js    [39m[1m[33m881.51 kB[39m[22m[2m │ gzip: 280.54 kB[22m
[32m✓ built in 2.92s[39m
info => Preview built (3.33 s)
info => Output directory: /var/folders/w0/757cbdh517v6t2j20mzhxwdr0000gn/T/chromatic--18384-oMPQ23Qh2gUs
